This file contains any messages produced by compilers while
running configure, to aid debugging if configure makes a mistake.

It was created by interp configure 1.0, which was
generated by GNU Autoconf 2.71.  Invocation command line was

  $ ./configure

## --------- ##
## Platform. ##
## --------- ##

hostname = ginger-VirtualBox
uname -m = x86_64
uname -r = 6.5.0-14-generic
uname -s = Linux
uname -v = #14~22.04.1-Ubuntu SMP PREEMPT_DYNAMIC Mon Nov 20 18:15:30 UTC 2

/usr/bin/uname -p = x86_64
/bin/uname -X     = unknown

/bin/arch              = x86_64
/usr/bin/arch -k       = unknown
/usr/convex/getsysinfo = unknown
/usr/bin/hostinfo      = unknown
/bin/machine           = unknown
/usr/bin/oslevel       = unknown
/bin/universe          = unknown

PATH: /home/bwana/bin/gcc-linaro-6.5.0-2018.12-x86_64_arm-linux-gnueabihf/bin/
PATH: /home/bwana/.local/bin/
PATH: /home/bwana/bin/
PATH: /usr/local/sbin/
PATH: /usr/local/bin/
PATH: /usr/sbin/
PATH: /usr/bin/
PATH: /sbin/
PATH: /bin/
PATH: /usr/games/
PATH: /usr/local/games/
PATH: /snap/bin/


## ----------- ##
## Core tests. ##
## ----------- ##

configure:2550: looking for aux files: compile missing install-sh
configure:2563:  trying ./
configure:2592:   ./compile found
configure:2592:   ./missing found
configure:2574:   ./install-sh found
configure:2721: checking for a BSD-compatible install
configure:2794: result: /usr/bin/install -c
configure:2805: checking whether build environment is sane
configure:2860: result: yes
configure:3019: checking for a race-free mkdir -p
configure:3063: result: /usr/bin/mkdir -p
configure:3070: checking for gawk
configure:3091: found /usr/bin/gawk
configure:3102: result: gawk
configure:3113: checking whether make sets $(MAKE)
configure:3136: result: yes
configure:3166: checking whether make supports nested variables
configure:3184: result: yes
configure:3459: checking that generated files are newer than configure
configure:3465: result: done
configure:3473: creating ./config.status

## ---------------------- ##
## Running config.status. ##
## ---------------------- ##

This file was extended by interp config.status 1.0, which was
generated by GNU Autoconf 2.71.  Invocation command line was

  CONFIG_FILES    = 
  CONFIG_HEADERS  = 
  CONFIG_LINKS    = 
  CONFIG_COMMANDS = 
  $ ./config.status 

on ginger-VirtualBox

config.status:764: creating Makefile
configure:4561: checking for g++
configure:4582: found /usr/bin/g++
configure:4593: result: g++
configure:4620: checking for C++ compiler version
configure:4629: g++ --version >&5
g++ (Ubuntu 11.4.0-1ubuntu1~22.04) 11.4.0
Copyright (C) 2021 Free Software Foundation, Inc.
This is free software; see the source for copying conditions.  There is NO
warranty; not even for MERCHANTABILITY or FITNESS FOR A PARTICULAR PURPOSE.

configure:4640: $? = 0
configure:4629: g++ -v >&5
Using built-in specs.
COLLECT_GCC=g++
COLLECT_LTO_WRAPPER=/usr/lib/gcc/x86_64-linux-gnu/11/lto-wrapper
OFFLOAD_TARGET_NAMES=nvptx-none:amdgcn-amdhsa
OFFLOAD_TARGET_DEFAULT=1
Target: x86_64-linux-gnu
Configured with: ../src/configure -v --with-pkgversion='Ubuntu 11.4.0-1ubuntu1~22.04' --with-bugurl=file:///usr/share/doc/gcc-11/README.Bugs --enable-languages=c,ada,c++,go,brig,d,fortran,objc,obj-c++,m2 --prefix=/usr --with-gcc-major-version-only --program-suffix=-11 --program-prefix=x86_64-linux-gnu- --enable-shared --enable-linker-build-id --libexecdir=/usr/lib --without-included-gettext --enable-threads=posix --libdir=/usr/lib --enable-nls --enable-bootstrap --enable-clocale=gnu --enable-libstdcxx-debug --enable-libstdcxx-time=yes --with-default-libstdcxx-abi=new --enable-gnu-unique-object --disable-vtable-verify --enable-plugin --enable-default-pie --with-system-zlib --enable-libphobos-checking=release --with-target-system-zlib=auto --enable-objc-gc=auto --enable-multiarch --disable-werror --enable-cet --with-arch-32=i686 --with-abi=m64 --with-multilib-list=m32,m64,mx32 --enable-multilib --with-tune=generic --enable-offload-targets=nvptx-none=/build/gcc-11-XeT9lY/gcc-11-11.4.0/debian/tmp-nvptx/usr,amdgcn-amdhsa=/build/gcc-11-XeT9lY/gcc-11-11.4.0/debian/tmp-gcn/usr --without-cuda-driver --enable-checking=release --build=x86_64-linux-gnu --host=x86_64-linux-gnu --target=x86_64-linux-gnu --with-build-config=bootstrap-lto-lean --enable-link-serialization=2
Thread model: posix
Supported LTO compression algorithms: zlib zstd
gcc version 11.4.0 (Ubuntu 11.4.0-1ubuntu1~22.04) 
... rest of stderr output deleted ...
configure:4640: $? = 0
configure:4629: g++ -V >&5
g++: error: unrecognized command-line option '-V'
g++: fatal error: no input files
compilation terminated.
configure:4640: $? = 1
configure:4629: g++ -qversion >&5
g++: error: unrecognized command-line option '-qversion'; did you mean '--version'?
g++: fatal error: no input files
compilation terminated.
configure:4640: $? = 1
configure:4660: checking whether the C++ compiler works
configure:4682: g++    conftest.cpp  >&5
configure:4686: $? = 0
configure:4736: result: yes
configure:4739: checking for C++ compiler default output file name
configure:4741: result: a.out
configure:4747: checking for suffix of executables
configure:4754: g++ -o conftest    conftest.cpp  >&5
configure:4758: $? = 0
configure:4781: result: 
configure:4803: checking whether we are cross compiling
configure:4811: g++ -o conftest    conftest.cpp  >&5
configure:4815: $? = 0
configure:4822: ./conftest
configure:4826: $? = 0
configure:4841: result: no
configure:4846: checking for suffix of object files
configure:4869: g++ -c   conftest.cpp >&5
configure:4873: $? = 0
configure:4895: result: o
configure:4899: checking whether the compiler supports GNU C++
configure:4919: g++ -c   conftest.cpp >&5
configure:4919: $? = 0
configure:4929: result: yes
configure:4940: checking whether g++ accepts -g
configure:4961: g++ -c -g  conftest.cpp >&5
configure:4961: $? = 0
configure:5005: result: yes
configure:5025: checking for g++ option to enable C++11 features
configure:5040: g++  -c -g -O2  conftest.cpp >&5
conftest.cpp: In function 'int main(int, char**)':
conftest.cpp:177:25: warning: empty parentheses were disambiguated as a function declaration [-Wvexing-parse]
  177 |   cxx11test::delegate d2();
      |                         ^~
conftest.cpp:177:25: note: remove parentheses to default-initialize a variable
  177 |   cxx11test::delegate d2();
      |                         ^~
      |                         --
conftest.cpp:177:25: note: or replace parentheses with braces to value-initialize a variable
configure:5040: $? = 0
configure:5058: result: none needed
configure:5125: checking whether make supports the include directive
configure:5140: make -f confmf.GNU && cat confinc.out
this is the am__doit target
configure:5143: $? = 0
configure:5162: result: yes (GNU style)
configure:5188: checking dependency style of g++
configure:5300: result: gcc3
configure:5377: checking for gcc
configure:5398: found /usr/bin/gcc
configure:5409: result: gcc
configure:5762: checking for C compiler version
configure:5771: gcc --version >&5
gcc (Ubuntu 11.4.0-1ubuntu1~22.04) 11.4.0
Copyright (C) 2021 Free Software Foundation, Inc.
This is free software; see the source for copying conditions.  There is NO
warranty; not even for MERCHANTABILITY or FITNESS FOR A PARTICULAR PURPOSE.

configure:5782: $? = 0
configure:5771: gcc -v >&5
Using built-in specs.
COLLECT_GCC=gcc
COLLECT_LTO_WRAPPER=/usr/lib/gcc/x86_64-linux-gnu/11/lto-wrapper
OFFLOAD_TARGET_NAMES=nvptx-none:amdgcn-amdhsa
OFFLOAD_TARGET_DEFAULT=1
Target: x86_64-linux-gnu
Configured with: ../src/configure -v --with-pkgversion='Ubuntu 11.4.0-1ubuntu1~22.04' --with-bugurl=file:///usr/share/doc/gcc-11/README.Bugs --enable-languages=c,ada,c++,go,brig,d,fortran,objc,obj-c++,m2 --prefix=/usr --with-gcc-major-version-only --program-suffix=-11 --program-prefix=x86_64-linux-gnu- --enable-shared --enable-linker-build-id --libexecdir=/usr/lib --without-included-gettext --enable-threads=posix --libdir=/usr/lib --enable-nls --enable-bootstrap --enable-clocale=gnu --enable-libstdcxx-debug --enable-libstdcxx-time=yes --with-default-libstdcxx-abi=new --enable-gnu-unique-object --disable-vtable-verify --enable-plugin --enable-default-pie --with-system-zlib --enable-libphobos-checking=release --with-target-system-zlib=auto --enable-objc-gc=auto --enable-multiarch --disable-werror --enable-cet --with-arch-32=i686 --with-abi=m64 --with-multilib-list=m32,m64,mx32 --enable-multilib --with-tune=generic --enable-offload-targets=nvptx-none=/build/gcc-11-XeT9lY/gcc-11-11.4.0/debian/tmp-nvptx/usr,amdgcn-amdhsa=/build/gcc-11-XeT9lY/gcc-11-11.4.0/debian/tmp-gcn/usr --without-cuda-driver --enable-checking=release --build=x86_64-linux-gnu --host=x86_64-linux-gnu --target=x86_64-linux-gnu --with-build-config=bootstrap-lto-lean --enable-link-serialization=2
Thread model: posix
Supported LTO compression algorithms: zlib zstd
gcc version 11.4.0 (Ubuntu 11.4.0-1ubuntu1~22.04) 
... rest of stderr output deleted ...
configure:5782: $? = 0
configure:5771: gcc -V >&5
gcc: error: unrecognized command-line option '-V'
gcc: fatal error: no input files
compilation terminated.
configure:5782: $? = 1
configure:5771: gcc -qversion >&5
gcc: error: unrecognized command-line option '-qversion'; did you mean '--version'?
gcc: fatal error: no input files
compilation terminated.
configure:5782: $? = 1
configure:5771: gcc -version >&5
gcc: error: unrecognized command-line option '-version'
gcc: fatal error: no input files
compilation terminated.
configure:5782: $? = 1
configure:5786: checking whether the compiler supports GNU C
configure:5806: gcc -c   conftest.c >&5
configure:5806: $? = 0
configure:5816: result: yes
configure:5827: checking whether gcc accepts -g
configure:5848: gcc -c -g  conftest.c >&5
configure:5848: $? = 0
configure:5892: result: yes
configure:5912: checking for gcc option to enable C11 features
configure:5927: gcc  -c -g -O2  conftest.c >&5
configure:5927: $? = 0
configure:5945: result: none needed
configure:6061: checking whether gcc understands -c and -o together
configure:6084: gcc -c conftest.c -o conftest2.o
configure:6087: $? = 0
configure:6084: gcc -c conftest.c -o conftest2.o
configure:6087: $? = 0
configure:6099: result: yes
configure:6118: checking dependency style of gcc
configure:6230: result: gcc3
configure:6269: gcc -c -g -O2  conftest.c >&5
configure:6269: $? = 0
configure:6283: checking for library containing config_init
configure:6313: gcc -o conftest -g -O2   conftest.c  >&5
/usr/bin/ld: /tmp/cchp7Sek.o: in function `main':
/media/bwana/extra/Development/interp/conftest.c:19: undefined reference to `config_init'
collect2: error: ld returned 1 exit status
configure:6313: $? = 1
configure: failed program was:
| /* confdefs.h */
| #define PACKAGE_NAME "interp"
| #define PACKAGE_TARNAME "interp"
| #define PACKAGE_VERSION "1.0"
| #define PACKAGE_STRING "interp 1.0"
| #define PACKAGE_BUGREPORT "interval1066@gmail.com"
| #define PACKAGE_URL ""
| #define PACKAGE "interp"
| #define VERSION "1.0"
| /* end confdefs.h.  */
| 
| /* Override any GCC internal prototype to avoid an error.
|    Use char because int might match the return type of a GCC
|    builtin and then its argument prototype would still apply.  */
| char config_init ();
| int
| main (void)
| {
| return config_init ();
|   ;
|   return 0;
| }
configure:6313: gcc -o conftest -g -O2   conftest.c -lconfig   >&5
configure:6313: $? = 0
configure:6333: result: -lconfig
configure:6352: checking for stdio.h
configure:6352: gcc -c -g -O2  conftest.c >&5
configure:6352: $? = 0
configure:6352: result: yes
configure:6352: checking for stdlib.h
configure:6352: gcc -c -g -O2  conftest.c >&5
configure:6352: $? = 0
configure:6352: result: yes
configure:6352: checking for string.h
configure:6352: gcc -c -g -O2  conftest.c >&5
configure:6352: $? = 0
configure:6352: result: yes
configure:6352: checking for inttypes.h
configure:6352: gcc -c -g -O2  conftest.c >&5
configure:6352: $? = 0
configure:6352: result: yes
configure:6352: checking for stdint.h
configure:6352: gcc -c -g -O2  conftest.c >&5
configure:6352: $? = 0
configure:6352: result: yes
configure:6352: checking for strings.h
configure:6352: gcc -c -g -O2  conftest.c >&5
configure:6352: $? = 0
configure:6352: result: yes
configure:6352: checking for sys/stat.h
configure:6352: gcc -c -g -O2  conftest.c >&5
configure:6352: $? = 0
configure:6352: result: yes
configure:6352: checking for sys/types.h
configure:6352: gcc -c -g -O2  conftest.c >&5
configure:6352: $? = 0
configure:6352: result: yes
configure:6352: checking for unistd.h
configure:6352: gcc -c -g -O2  conftest.c >&5
configure:6352: $? = 0
configure:6352: result: yes
configure:6377: checking for _Bool
configure:6377: gcc -c -g -O2  conftest.c >&5
configure:6377: $? = 0
configure:6377: gcc -c -g -O2  conftest.c >&5
conftest.c: In function 'main':
conftest.c:52:20: error: expected expression before ')' token
   52 | if (sizeof ((_Bool)))
      |                    ^
configure:6377: $? = 1
configure: failed program was:
| /* confdefs.h */
| #define PACKAGE_NAME "interp"
| #define PACKAGE_TARNAME "interp"
| #define PACKAGE_VERSION "1.0"
| #define PACKAGE_STRING "interp 1.0"
| #define PACKAGE_BUGREPORT "interval1066@gmail.com"
| #define PACKAGE_URL ""
| #define PACKAGE "interp"
| #define VERSION "1.0"
| #define HAVE_STDIO_H 1
| #define HAVE_STDLIB_H 1
| #define HAVE_STRING_H 1
| #define HAVE_INTTYPES_H 1
| #define HAVE_STDINT_H 1
| #define HAVE_STRINGS_H 1
| #define HAVE_SYS_STAT_H 1
| #define HAVE_SYS_TYPES_H 1
| #define HAVE_UNISTD_H 1
| #define STDC_HEADERS 1
| /* end confdefs.h.  */
| #include <stddef.h>
| #ifdef HAVE_STDIO_H
| # include <stdio.h>
| #endif
| #ifdef HAVE_STDLIB_H
| # include <stdlib.h>
| #endif
| #ifdef HAVE_STRING_H
| # include <string.h>
| #endif
| #ifdef HAVE_INTTYPES_H
| # include <inttypes.h>
| #endif
| #ifdef HAVE_STDINT_H
| # include <stdint.h>
| #endif
| #ifdef HAVE_STRINGS_H
| # include <strings.h>
| #endif
| #ifdef HAVE_SYS_TYPES_H
| # include <sys/types.h>
| #endif
| #ifdef HAVE_SYS_STAT_H
| # include <sys/stat.h>
| #endif
| #ifdef HAVE_UNISTD_H
| # include <unistd.h>
| #endif
| int
| main (void)
| {
| if (sizeof ((_Bool)))
| 	    return 0;
|   ;
|   return 0;
| }
configure:6377: result: yes
configure:6386: checking for stdbool.h that conforms to C99
configure:6502: gcc -c -g -O2  conftest.c >&5
configure:6502: $? = 0
configure:6510: result: yes
configure:6513: checking for inline
configure:6530: gcc -c -g -O2  conftest.c >&5
configure:6530: $? = 0
configure:6539: result: inline
configure:6661: checking that generated files are newer than configure
configure:6667: result: done
configure:6694: creating ./config.status

## ---------------------- ##
## Running config.status. ##
## ---------------------- ##

This file was extended by interp config.status 1.0, which was
generated by GNU Autoconf 2.71.  Invocation command line was

  CONFIG_FILES    = 
  CONFIG_HEADERS  = 
  CONFIG_LINKS    = 
  CONFIG_COMMANDS = 
  $ ./config.status 

on ginger-VirtualBox

config.status:853: creating Makefile
config.status:853: creating config.h
config.status:1082: executing depfiles commands
config.status:1159: cd .       && sed -e '/# am--include-marker/d' Makefile         | make -f - am--depfiles
make: Nothing to be done for 'am--depfiles'.
config.status:1164: $? = 0

## ---------------- ##
## Cache variables. ##
## ---------------- ##

ac_cv_c_compiler_gnu=yes
ac_cv_c_inline=inline
ac_cv_cxx_compiler_gnu=yes
ac_cv_env_CCC_set=
ac_cv_env_CCC_value=
ac_cv_env_CC_set=
ac_cv_env_CC_value=
ac_cv_env_CFLAGS_set=
ac_cv_env_CFLAGS_value=
ac_cv_env_CPPFLAGS_set=
ac_cv_env_CPPFLAGS_value=
ac_cv_env_CXXFLAGS_set=
ac_cv_env_CXXFLAGS_value=
ac_cv_env_CXX_set=
ac_cv_env_CXX_value=
ac_cv_env_LDFLAGS_set=
ac_cv_env_LDFLAGS_value=
ac_cv_env_LIBS_set=
ac_cv_env_LIBS_value=
ac_cv_env_build_alias_set=
ac_cv_env_build_alias_value=
ac_cv_env_host_alias_set=
ac_cv_env_host_alias_value=
ac_cv_env_target_alias_set=
ac_cv_env_target_alias_value=
ac_cv_header_inttypes_h=yes
ac_cv_header_stdbool_h=yes
ac_cv_header_stdint_h=yes
ac_cv_header_stdio_h=yes
ac_cv_header_stdlib_h=yes
ac_cv_header_string_h=yes
ac_cv_header_strings_h=yes
ac_cv_header_sys_stat_h=yes
ac_cv_header_sys_types_h=yes
ac_cv_header_unistd_h=yes
ac_cv_objext=o
ac_cv_path_install='/usr/bin/install -c'
ac_cv_path_mkdir=/usr/bin/mkdir
ac_cv_prog_AWK=gawk
ac_cv_prog_ac_ct_CC=gcc
ac_cv_prog_ac_ct_CXX=g++
ac_cv_prog_cc_c11=
ac_cv_prog_cc_g=yes
ac_cv_prog_cc_stdc=
ac_cv_prog_cxx_11=no
ac_cv_prog_cxx_cxx11=
ac_cv_prog_cxx_g=yes
ac_cv_prog_cxx_stdcxx=
ac_cv_prog_make_make_set=yes
ac_cv_search_config_init=-lconfig
ac_cv_type__Bool=yes
am_cv_CC_dependencies_compiler_type=gcc3
am_cv_CXX_dependencies_compiler_type=gcc3
am_cv_make_support_nested_variables=yes
am_cv_prog_cc_c_o=yes

## ----------------- ##
## Output variables. ##
## ----------------- ##

ACLOCAL='${SHELL} '\''/media/bwana/extra/Development/interp/missing'\'' aclocal-1.16'
AMDEPBACKSLASH='\'
AMDEP_FALSE='#'
AMDEP_TRUE=''
AMTAR='$${TAR-tar}'
AM_BACKSLASH='\'
AM_DEFAULT_V='$(AM_DEFAULT_VERBOSITY)'
AM_DEFAULT_VERBOSITY='1'
AM_V='$(V)'
AUTOCONF='${SHELL} '\''/media/bwana/extra/Development/interp/missing'\'' autoconf'
AUTOHEADER='${SHELL} '\''/media/bwana/extra/Development/interp/missing'\'' autoheader'
AUTOMAKE='${SHELL} '\''/media/bwana/extra/Development/interp/missing'\'' automake-1.16'
AWK='gawk'
CC='gcc'
CCDEPMODE='depmode=gcc3'
CFLAGS='-g -O2'
CPPFLAGS=''
CSCOPE='cscope'
CTAGS='ctags'
CXX='g++'
CXXDEPMODE='depmode=gcc3'
CXXFLAGS='-g -O2'
CYGPATH_W='echo'
DEFS='-DHAVE_CONFIG_H'
DEPDIR='.deps'
ECHO_C=''
ECHO_N='-n'
ECHO_T=''
ETAGS='etags'
EXEEXT=''
INSTALL_DATA='${INSTALL} -m 644'
INSTALL_PROGRAM='${INSTALL}'
INSTALL_SCRIPT='${INSTALL}'
INSTALL_STRIP_PROGRAM='$(install_sh) -c -s'
LDFLAGS=''
LIBOBJS=''
LIBS='-lconfig '
LTLIBOBJS=''
MAKEINFO='${SHELL} '\''/media/bwana/extra/Development/interp/missing'\'' makeinfo'
MKDIR_P='/usr/bin/mkdir -p'
OBJEXT='o'
PACKAGE='interp'
PACKAGE_BUGREPORT='interval1066@gmail.com'
PACKAGE_NAME='interp'
PACKAGE_STRING='interp 1.0'
PACKAGE_TARNAME='interp'
PACKAGE_URL=''
PACKAGE_VERSION='1.0'
PATH_SEPARATOR=':'
SET_MAKE=''
SHELL='/bin/bash'
STRIP=''
VERSION='1.0'
ac_ct_CC='gcc'
ac_ct_CXX='g++'
am__EXEEXT_FALSE=''
am__EXEEXT_TRUE='#'
am__fastdepCC_FALSE='#'
am__fastdepCC_TRUE=''
am__fastdepCXX_FALSE='#'
am__fastdepCXX_TRUE=''
am__include='include'
am__isrc=''
am__leading_dot='.'
am__nodep='_no'
am__quote=''
am__tar='$${TAR-tar} chof - "$$tardir"'
am__untar='$${TAR-tar} xf -'
bindir='${exec_prefix}/bin'
build_alias=''
datadir='${datarootdir}'
datarootdir='${prefix}/share'
docdir='${datarootdir}/doc/${PACKAGE_TARNAME}'
dvidir='${docdir}'
exec_prefix='${prefix}'
host_alias=''
htmldir='${docdir}'
includedir='${prefix}/include'
infodir='${datarootdir}/info'
install_sh='${SHELL} /media/bwana/extra/Development/interp/install-sh'
libdir='${exec_prefix}/lib'
libexecdir='${exec_prefix}/libexec'
localedir='${datarootdir}/locale'
localstatedir='${prefix}/var'
mandir='${datarootdir}/man'
mkdir_p='$(MKDIR_P)'
oldincludedir='/usr/include'
pdfdir='${docdir}'
prefix='/usr/local'
program_transform_name='s,x,x,'
psdir='${docdir}'
runstatedir='${localstatedir}/run'
sbindir='${exec_prefix}/sbin'
sharedstatedir='${prefix}/com'
sysconfdir='${prefix}/etc'
target_alias=''

## ----------- ##
## confdefs.h. ##
## ----------- ##

/* confdefs.h */
#define PACKAGE_NAME "interp"
#define PACKAGE_TARNAME "interp"
#define PACKAGE_VERSION "1.0"
#define PACKAGE_STRING "interp 1.0"
#define PACKAGE_BUGREPORT "interval1066@gmail.com"
#define PACKAGE_URL ""
#define PACKAGE "interp"
#define VERSION "1.0"
#define HAVE_STDIO_H 1
#define HAVE_STDLIB_H 1
#define HAVE_STRING_H 1
#define HAVE_INTTYPES_H 1
#define HAVE_STDINT_H 1
#define HAVE_STRINGS_H 1
#define HAVE_SYS_STAT_H 1
#define HAVE_SYS_TYPES_H 1
#define HAVE_UNISTD_H 1
#define STDC_HEADERS 1
#define HAVE__BOOL 1

configure: exit 0
